<?xml version="1.0" encoding="utf-8"?><testsuites name="pytest tests"><testsuite name="pytest" errors="0" failures="0" skipped="0" tests="15" time="30.287" timestamp="2026-08-31T00:39:01.425719+00:00" hostname="agent-env-9a6be161-051d-4fa4-ab18-84184482d457"><testcase classname="tests.backend_test.TestHeritage" name="test_list_all" time="0.292" /><testcase classname="tests.backend_test.TestMeta" name="test_root" time="0.402" /><testcase classname="tests.backend_test.TestHeritage" name="test_filter_category" time="0.060" /><testcase classname="tests.backend_test.TestHeritage" name="test_filter_preservation" time="0.057" /><testcase classname="tests.backend_test.TestMeta" name="test_stats" time="0.076" /><testcase classname="tests.backend_test.TestHeritage" name="test_filter_state" time="0.057" /><testcase classname="tests.backend_test.TestHeritage" name="test_search" time="0.067" /><testcase classname="tests.backend_test.TestMeta" name="test_states" time="0.079" /><testcase classname="tests.backend_test.TestHeritage" name="test_search_empty_query" time="0.059" /><testcase classname="tests.backend_test.TestMeta" name="test_categories" time="0.077" /><testcase classname="tests.backend_test.TestHeritage" name="test_detail" time="0.063" /><testcase classname="tests.backend_test.TestAI" name="test_ask" time="12.670" /><testcase classname="tests.backend_test.TestHeritage" name="test_detail_404" time="1.655" /><testcase classname="tests.backend_test.TestAI" name="test_ask_preserves_session" time="9.189" /><testcase classname="tests.backend_test.TestAI" name="test_lens_analyze" time="6.575" /></testsuite></testsuites>